{"C:\\Users\\alnav\\.gemini\\antigravity-ide\\scratch\\wtf-livepulse\\backend\\src\\app.js": {"path":"C:\\Users\\alnav\\.gemini\\antigravity-ide\\scratch\\wtf-livepulse\\backend\\src\\app.js","statementMap":{"0":{"start":{"line":1,"column":13},"end":{"line":1,"column":28}},"1":{"start":{"line":2,"column":16},"end":{"line":2,"column":34}},"2":{"start":{"line":3,"column":13},"end":{"line":3,"column":28}},"3":{"start":{"line":4,"column":0},"end":{"line":4,"column":27}},"4":{"start":{"line":6,"column":27},"end":{"line":6,"column":62}},"5":{"start":{"line":7,"column":36},"end":{"line":7,"column":69}},"6":{"start":{"line":8,"column":29},"end":{"line":8,"column":56}},"7":{"start":{"line":9,"column":13},"end":{"line":9,"column":39}},"8":{"start":{"line":11,"column":19},"end":{"line":11,"column":43}},"9":{"start":{"line":12,"column":22},"end":{"line":12,"column":49}},"10":{"start":{"line":13,"column":24},"end":{"line":13,"column":53}},"11":{"start":{"line":14,"column":24},"end":{"line":14,"column":53}},"12":{"start":{"line":15,"column":24},"end":{"line":15,"column":53}},"13":{"start":{"line":17,"column":12},"end":{"line":17,"column":21}},"14":{"start":{"line":18,"column":15},"end":{"line":18,"column":37}},"15":{"start":{"line":20,"column":0},"end":{"line":20,"column":16}},"16":{"start":{"line":21,"column":0},"end":{"line":21,"column":24}},"17":{"start":{"line":24,"column":0},"end":{"line":24,"column":33}},"18":{"start":{"line":25,"column":0},"end":{"line":25,"column":39}},"19":{"start":{"line":26,"column":0},"end":{"line":26,"column":43}},"20":{"start":{"line":27,"column":0},"end":{"line":27,"column":43}},"21":{"start":{"line":28,"column":0},"end":{"line":28,"column":43}},"22":{"start":{"line":30,"column":0},"end":{"line":32,"column":3}},"23":{"start":{"line":31,"column":2},"end":{"line":31,"column":66}},"24":{"start":{"line":35,"column":0},"end":{"line":35,"column":23}},"25":{"start":{"line":36,"column":0},"end":{"line":36,"column":19}},"26":{"start":{"line":38,"column":13},"end":{"line":38,"column":37}},"27":{"start":{"line":41,"column":2},"end":{"line":55,"column":3}},"28":{"start":{"line":42,"column":4},"end":{"line":46,"column":5}},"29":{"start":{"line":43,"column":6},"end":{"line":43,"column":65}},"30":{"start":{"line":44,"column":6},"end":{"line":44,"column":19}},"31":{"start":{"line":45,"column":6},"end":{"line":45,"column":37}},"32":{"start":{"line":48,"column":4},"end":{"line":52,"column":5}},"33":{"start":{"line":49,"column":6},"end":{"line":51,"column":9}},"34":{"start":{"line":50,"column":8},"end":{"line":50,"column":76}},"35":{"start":{"line":54,"column":4},"end":{"line":54,"column":50}},"36":{"start":{"line":58,"column":0},"end":{"line":58,"column":14}},"37":{"start":{"line":60,"column":0},"end":{"line":60,"column":33}}},"fnMap":{"0":{"name":"(anonymous_0)","decl":{"start":{"line":30,"column":19},"end":{"line":30,"column":20}},"loc":{"start":{"line":30,"column":33},"end":{"line":32,"column":1}},"line":30},"1":{"name":"startServer","decl":{"start":{"line":40,"column":15},"end":{"line":40,"column":26}},"loc":{"start":{"line":40,"column":29},"end":{"line":56,"column":1}},"line":40},"2":{"name":"(anonymous_2)","decl":{"start":{"line":49,"column":26},"end":{"line":49,"column":27}},"loc":{"start":{"line":49,"column":32},"end":{"line":51,"column":7}},"line":49}},"branchMap":{"0":{"loc":{"start":{"line":38,"column":13},"end":{"line":38,"column":37}},"type":"binary-expr","locations":[{"start":{"line":38,"column":13},"end":{"line":38,"column":29}},{"start":{"line":38,"column":33},"end":{"line":38,"column":37}}],"line":38},"1":{"loc":{"start":{"line":42,"column":4},"end":{"line":46,"column":5}},"type":"if","locations":[{"start":{"line":42,"column":4},"end":{"line":46,"column":5}},{"start":{},"end":{}}],"line":42},"2":{"loc":{"start":{"line":48,"column":4},"end":{"line":52,"column":5}},"type":"if","locations":[{"start":{"line":48,"column":4},"end":{"line":52,"column":5}},{"start":{},"end":{}}],"line":48}},"s":{"0":1,"1":1,"2":1,"3":1,"4":1,"5":1,"6":1,"7":1,"8":1,"9":1,"10":1,"11":1,"12":1,"13":1,"14":1,"15":1,"16":1,"17":1,"18":1,"19":1,"20":1,"21":1,"22":1,"23":1,"24":1,"25":1,"26":1,"27":1,"28":1,"29":0,"30":0,"31":0,"32":1,"33":0,"34":0,"35":0,"36":1,"37":1},"f":{"0":1,"1":1,"2":0},"b":{"0":[1,1],"1":[0,1],"2":[0,1]},"_coverageSchema":"1a1c01bbd47fc00a2c39e90264f33305004495a9","hash":"804909072116f752de114769b8e5d837111944d4"}
,"C:\\Users\\alnav\\.gemini\\antigravity-ide\\scratch\\wtf-livepulse\\backend\\src\\db\\pool.js": {"path":"C:\\Users\\alnav\\.gemini\\antigravity-ide\\scratch\\wtf-livepulse\\backend\\src\\db\\pool.js","statementMap":{"0":{"start":{"line":1,"column":17},"end":{"line":1,"column":30}},"1":{"start":{"line":2,"column":0},"end":{"line":2,"column":27}},"2":{"start":{"line":4,"column":25},"end":{"line":4,"column":109}},"3":{"start":{"line":6,"column":13},"end":{"line":11,"column":2}},"4":{"start":{"line":13,"column":0},"end":{"line":15,"column":3}},"5":{"start":{"line":14,"column":2},"end":{"line":14,"column":59}},"6":{"start":{"line":17,"column":0},"end":{"line":17,"column":22}}},"fnMap":{"0":{"name":"(anonymous_0)","decl":{"start":{"line":13,"column":17},"end":{"line":13,"column":18}},"loc":{"start":{"line":13,"column":26},"end":{"line":15,"column":1}},"line":13}},"branchMap":{"0":{"loc":{"start":{"line":4,"column":25},"end":{"line":4,"column":109}},"type":"binary-expr","locations":[{"start":{"line":4,"column":25},"end":{"line":4,"column":49}},{"start":{"line":4,"column":53},"end":{"line":4,"column":109}}],"line":4}},"s":{"0":4,"1":4,"2":4,"3":4,"4":4,"5":0,"6":4},"f":{"0":0},"b":{"0":[4,4]},"_coverageSchema":"1a1c01bbd47fc00a2c39e90264f33305004495a9","hash":"0891a919719e9606997dc4a8f839032350ae9f0d"}
,"C:\\Users\\alnav\\.gemini\\antigravity-ide\\scratch\\wtf-livepulse\\backend\\src\\jobs\\anomalyDetector.js": {"path":"C:\\Users\\alnav\\.gemini\\antigravity-ide\\scratch\\wtf-livepulse\\backend\\src\\jobs\\anomalyDetector.js","statementMap":{"0":{"start":{"line":1,"column":23},"end":{"line":1,"column":60}},"1":{"start":{"line":2,"column":22},"end":{"line":2,"column":58}},"2":{"start":{"line":4,"column":18},"end":{"line":4,"column":22}},"3":{"start":{"line":7,"column":2},"end":{"line":7,"column":46}},"4":{"start":{"line":7,"column":19},"end":{"line":7,"column":46}},"5":{"start":{"line":10,"column":2},"end":{"line":12,"column":5}},"6":{"start":{"line":11,"column":4},"end":{"line":11,"column":64}},"7":{"start":{"line":14,"column":2},"end":{"line":18,"column":17}},"8":{"start":{"line":15,"column":4},"end":{"line":17,"column":7}},"9":{"start":{"line":16,"column":6},"end":{"line":16,"column":68}},"10":{"start":{"line":22,"column":2},"end":{"line":25,"column":3}},"11":{"start":{"line":23,"column":4},"end":{"line":23,"column":31}},"12":{"start":{"line":24,"column":4},"end":{"line":24,"column":23}},"13":{"start":{"line":28,"column":0},"end":{"line":31,"column":2}}},"fnMap":{"0":{"name":"startAnomalyDetectorJob","decl":{"start":{"line":6,"column":9},"end":{"line":6,"column":32}},"loc":{"start":{"line":6,"column":53},"end":{"line":19,"column":1}},"line":6},"1":{"name":"(anonymous_1)","decl":{"start":{"line":10,"column":51},"end":{"line":10,"column":52}},"loc":{"start":{"line":10,"column":58},"end":{"line":12,"column":3}},"line":10},"2":{"name":"(anonymous_2)","decl":{"start":{"line":14,"column":28},"end":{"line":14,"column":29}},"loc":{"start":{"line":14,"column":34},"end":{"line":18,"column":3}},"line":14},"3":{"name":"(anonymous_3)","decl":{"start":{"line":15,"column":53},"end":{"line":15,"column":54}},"loc":{"start":{"line":15,"column":60},"end":{"line":17,"column":5}},"line":15},"4":{"name":"stopAnomalyDetectorJob","decl":{"start":{"line":21,"column":9},"end":{"line":21,"column":31}},"loc":{"start":{"line":21,"column":34},"end":{"line":26,"column":1}},"line":21}},"branchMap":{"0":{"loc":{"start":{"line":6,"column":33},"end":{"line":6,"column":51}},"type":"default-arg","locations":[{"start":{"line":6,"column":46},"end":{"line":6,"column":51}}],"line":6},"1":{"loc":{"start":{"line":7,"column":2},"end":{"line":7,"column":46}},"type":"if","locations":[{"start":{"line":7,"column":2},"end":{"line":7,"column":46}},{"start":{},"end":{}}],"line":7},"2":{"loc":{"start":{"line":22,"column":2},"end":{"line":25,"column":3}},"type":"if","locations":[{"start":{"line":22,"column":2},"end":{"line":25,"column":3}},{"start":{},"end":{}}],"line":22}},"s":{"0":1,"1":1,"2":1,"3":0,"4":0,"5":0,"6":0,"7":0,"8":0,"9":0,"10":0,"11":0,"12":0,"13":1},"f":{"0":0,"1":0,"2":0,"3":0,"4":0},"b":{"0":[0],"1":[0,0],"2":[0,0]},"_coverageSchema":"1a1c01bbd47fc00a2c39e90264f33305004495a9","hash":"c93f8e02ab002dcba1c38cf2818b0f07daedc774"}
,"C:\\Users\\alnav\\.gemini\\antigravity-ide\\scratch\\wtf-livepulse\\backend\\src\\jobs\\simulator.js": {"path":"C:\\Users\\alnav\\.gemini\\antigravity-ide\\scratch\\wtf-livepulse\\backend\\src\\jobs\\simulator.js","statementMap":{"0":{"start":{"line":1,"column":25},"end":{"line":1,"column":64}},"1":{"start":{"line":2,"column":22},"end":{"line":2,"column":58}},"2":{"start":{"line":5,"column":2},"end":{"line":5,"column":51}},"3":{"start":{"line":8,"column":0},"end":{"line":10,"column":2}}},"fnMap":{"0":{"name":"initSimulatorJob","decl":{"start":{"line":4,"column":9},"end":{"line":4,"column":25}},"loc":{"start":{"line":4,"column":28},"end":{"line":6,"column":1}},"line":4}},"branchMap":{},"s":{"0":1,"1":1,"2":1,"3":1},"f":{"0":1},"b":{},"_coverageSchema":"1a1c01bbd47fc00a2c39e90264f33305004495a9","hash":"12de5e261e7fc67544a2b4a63fdc326eecea273d"}
,"C:\\Users\\alnav\\.gemini\\antigravity-ide\\scratch\\wtf-livepulse\\backend\\src\\routes\\analytics.js": {"path":"C:\\Users\\alnav\\.gemini\\antigravity-ide\\scratch\\wtf-livepulse\\backend\\src\\routes\\analytics.js","statementMap":{"0":{"start":{"line":1,"column":16},"end":{"line":1,"column":34}},"1":{"start":{"line":2,"column":15},"end":{"line":2,"column":31}},"2":{"start":{"line":3,"column":21},"end":{"line":3,"column":56}},"3":{"start":{"line":6,"column":0},"end":{"line":14,"column":3}},"4":{"start":{"line":7,"column":2},"end":{"line":13,"column":3}},"5":{"start":{"line":8,"column":21},"end":{"line":8,"column":60}},"6":{"start":{"line":9,"column":4},"end":{"line":9,"column":23}},"7":{"start":{"line":11,"column":4},"end":{"line":11,"column":62}},"8":{"start":{"line":12,"column":4},"end":{"line":12,"column":61}},"9":{"start":{"line":17,"column":0},"end":{"line":25,"column":3}},"10":{"start":{"line":18,"column":2},"end":{"line":24,"column":3}},"11":{"start":{"line":19,"column":17},"end":{"line":19,"column":61}},"12":{"start":{"line":20,"column":4},"end":{"line":20,"column":19}},"13":{"start":{"line":22,"column":4},"end":{"line":22,"column":56}},"14":{"start":{"line":23,"column":4},"end":{"line":23,"column":61}},"15":{"start":{"line":27,"column":0},"end":{"line":27,"column":24}}},"fnMap":{"0":{"name":"(anonymous_0)","decl":{"start":{"line":6,"column":25},"end":{"line":6,"column":26}},"loc":{"start":{"line":6,"column":45},"end":{"line":14,"column":1}},"line":6},"1":{"name":"(anonymous_1)","decl":{"start":{"line":17,"column":29},"end":{"line":17,"column":30}},"loc":{"start":{"line":17,"column":49},"end":{"line":25,"column":1}},"line":17}},"branchMap":{},"s":{"0":1,"1":1,"2":1,"3":1,"4":1,"5":1,"6":1,"7":0,"8":0,"9":1,"10":0,"11":0,"12":0,"13":0,"14":0,"15":1},"f":{"0":1,"1":0},"b":{},"_coverageSchema":"1a1c01bbd47fc00a2c39e90264f33305004495a9","hash":"30286e25d9f2a775b7cb7f5a681af1c2ab11cbcb"}
,"C:\\Users\\alnav\\.gemini\\antigravity-ide\\scratch\\wtf-livepulse\\backend\\src\\routes\\anomalies.js": {"path":"C:\\Users\\alnav\\.gemini\\antigravity-ide\\scratch\\wtf-livepulse\\backend\\src\\routes\\anomalies.js","statementMap":{"0":{"start":{"line":1,"column":16},"end":{"line":1,"column":34}},"1":{"start":{"line":2,"column":15},"end":{"line":2,"column":31}},"2":{"start":{"line":3,"column":23},"end":{"line":3,"column":60}},"3":{"start":{"line":6,"column":0},"end":{"line":15,"column":3}},"4":{"start":{"line":7,"column":2},"end":{"line":14,"column":3}},"5":{"start":{"line":8,"column":33},"end":{"line":8,"column":42}},"6":{"start":{"line":9,"column":22},"end":{"line":9,"column":79}},"7":{"start":{"line":10,"column":4},"end":{"line":10,"column":24}},"8":{"start":{"line":12,"column":4},"end":{"line":12,"column":52}},"9":{"start":{"line":13,"column":4},"end":{"line":13,"column":61}},"10":{"start":{"line":18,"column":0},"end":{"line":29,"column":3}},"11":{"start":{"line":19,"column":2},"end":{"line":28,"column":3}},"12":{"start":{"line":20,"column":19},"end":{"line":20,"column":69}},"13":{"start":{"line":21,"column":4},"end":{"line":23,"column":5}},"14":{"start":{"line":22,"column":6},"end":{"line":22,"column":69}},"15":{"start":{"line":24,"column":4},"end":{"line":24,"column":26}},"16":{"start":{"line":26,"column":4},"end":{"line":26,"column":52}},"17":{"start":{"line":27,"column":4},"end":{"line":27,"column":61}},"18":{"start":{"line":31,"column":0},"end":{"line":31,"column":24}}},"fnMap":{"0":{"name":"(anonymous_0)","decl":{"start":{"line":6,"column":16},"end":{"line":6,"column":17}},"loc":{"start":{"line":6,"column":36},"end":{"line":15,"column":1}},"line":6},"1":{"name":"(anonymous_1)","decl":{"start":{"line":18,"column":29},"end":{"line":18,"column":30}},"loc":{"start":{"line":18,"column":49},"end":{"line":29,"column":1}},"line":18}},"branchMap":{"0":{"loc":{"start":{"line":21,"column":4},"end":{"line":23,"column":5}},"type":"if","locations":[{"start":{"line":21,"column":4},"end":{"line":23,"column":5}},{"start":{},"end":{}}],"line":21}},"s":{"0":1,"1":1,"2":1,"3":1,"4":1,"5":1,"6":1,"7":1,"8":0,"9":0,"10":1,"11":2,"12":2,"13":2,"14":1,"15":1,"16":0,"17":0,"18":1},"f":{"0":1,"1":2},"b":{"0":[1,1]},"_coverageSchema":"1a1c01bbd47fc00a2c39e90264f33305004495a9","hash":"b1a854fd9dec5c2a129325c1244f5ad431c09521"}
,"C:\\Users\\alnav\\.gemini\\antigravity-ide\\scratch\\wtf-livepulse\\backend\\src\\routes\\gyms.js": {"path":"C:\\Users\\alnav\\.gemini\\antigravity-ide\\scratch\\wtf-livepulse\\backend\\src\\routes\\gyms.js","statementMap":{"0":{"start":{"line":1,"column":16},"end":{"line":1,"column":34}},"1":{"start":{"line":2,"column":15},"end":{"line":2,"column":31}},"2":{"start":{"line":3,"column":21},"end":{"line":3,"column":56}},"3":{"start":{"line":6,"column":0},"end":{"line":14,"column":3}},"4":{"start":{"line":7,"column":2},"end":{"line":13,"column":3}},"5":{"start":{"line":8,"column":17},"end":{"line":8,"column":48}},"6":{"start":{"line":9,"column":4},"end":{"line":9,"column":19}},"7":{"start":{"line":11,"column":4},"end":{"line":11,"column":47}},"8":{"start":{"line":12,"column":4},"end":{"line":12,"column":61}},"9":{"start":{"line":17,"column":0},"end":{"line":28,"column":3}},"10":{"start":{"line":18,"column":2},"end":{"line":27,"column":3}},"11":{"start":{"line":19,"column":21},"end":{"line":19,"column":73}},"12":{"start":{"line":20,"column":4},"end":{"line":22,"column":5}},"13":{"start":{"line":21,"column":6},"end":{"line":21,"column":62}},"14":{"start":{"line":23,"column":4},"end":{"line":23,"column":23}},"15":{"start":{"line":25,"column":4},"end":{"line":25,"column":56}},"16":{"start":{"line":26,"column":4},"end":{"line":26,"column":61}},"17":{"start":{"line":31,"column":0},"end":{"line":40,"column":3}},"18":{"start":{"line":32,"column":2},"end":{"line":39,"column":3}},"19":{"start":{"line":33,"column":22},"end":{"line":33,"column":50}},"20":{"start":{"line":34,"column":22},"end":{"line":34,"column":82}},"21":{"start":{"line":35,"column":4},"end":{"line":35,"column":24}},"22":{"start":{"line":37,"column":4},"end":{"line":37,"column":56}},"23":{"start":{"line":38,"column":4},"end":{"line":38,"column":61}},"24":{"start":{"line":42,"column":0},"end":{"line":42,"column":24}}},"fnMap":{"0":{"name":"(anonymous_0)","decl":{"start":{"line":6,"column":16},"end":{"line":6,"column":17}},"loc":{"start":{"line":6,"column":36},"end":{"line":14,"column":1}},"line":6},"1":{"name":"(anonymous_1)","decl":{"start":{"line":17,"column":24},"end":{"line":17,"column":25}},"loc":{"start":{"line":17,"column":44},"end":{"line":28,"column":1}},"line":17},"2":{"name":"(anonymous_2)","decl":{"start":{"line":31,"column":29},"end":{"line":31,"column":30}},"loc":{"start":{"line":31,"column":49},"end":{"line":40,"column":1}},"line":31}},"branchMap":{"0":{"loc":{"start":{"line":20,"column":4},"end":{"line":22,"column":5}},"type":"if","locations":[{"start":{"line":20,"column":4},"end":{"line":22,"column":5}},{"start":{},"end":{}}],"line":20},"1":{"loc":{"start":{"line":33,"column":22},"end":{"line":33,"column":50}},"type":"binary-expr","locations":[{"start":{"line":33,"column":22},"end":{"line":33,"column":41}},{"start":{"line":33,"column":45},"end":{"line":33,"column":50}}],"line":33}},"s":{"0":1,"1":1,"2":1,"3":1,"4":1,"5":1,"6":1,"7":0,"8":0,"9":1,"10":2,"11":2,"12":2,"13":1,"14":1,"15":0,"16":0,"17":1,"18":1,"19":1,"20":1,"21":1,"22":0,"23":0,"24":1},"f":{"0":1,"1":2,"2":1},"b":{"0":[1,1],"1":[1,0]},"_coverageSchema":"1a1c01bbd47fc00a2c39e90264f33305004495a9","hash":"197fb704c49ec6eb2d806517e00cba0f83d117ff"}
,"C:\\Users\\alnav\\.gemini\\antigravity-ide\\scratch\\wtf-livepulse\\backend\\src\\routes\\members.js": {"path":"C:\\Users\\alnav\\.gemini\\antigravity-ide\\scratch\\wtf-livepulse\\backend\\src\\routes\\members.js","statementMap":{"0":{"start":{"line":1,"column":16},"end":{"line":1,"column":34}},"1":{"start":{"line":2,"column":15},"end":{"line":2,"column":31}},"2":{"start":{"line":3,"column":13},"end":{"line":3,"column":34}},"3":{"start":{"line":6,"column":0},"end":{"line":30,"column":3}},"4":{"start":{"line":7,"column":2},"end":{"line":29,"column":3}},"5":{"start":{"line":8,"column":31},"end":{"line":8,"column":40}},"6":{"start":{"line":9,"column":14},"end":{"line":9,"column":47}},"7":{"start":{"line":10,"column":19},"end":{"line":10,"column":21}},"8":{"start":{"line":12,"column":4},"end":{"line":15,"column":5}},"9":{"start":{"line":13,"column":6},"end":{"line":13,"column":26}},"10":{"start":{"line":14,"column":6},"end":{"line":14,"column":47}},"11":{"start":{"line":17,"column":4},"end":{"line":20,"column":5}},"12":{"start":{"line":18,"column":6},"end":{"line":18,"column":26}},"13":{"start":{"line":19,"column":6},"end":{"line":19,"column":47}},"14":{"start":{"line":22,"column":4},"end":{"line":22,"column":49}},"15":{"start":{"line":24,"column":19},"end":{"line":24,"column":48}},"16":{"start":{"line":25,"column":4},"end":{"line":25,"column":26}},"17":{"start":{"line":27,"column":4},"end":{"line":27,"column":50}},"18":{"start":{"line":28,"column":4},"end":{"line":28,"column":61}},"19":{"start":{"line":32,"column":0},"end":{"line":32,"column":24}}},"fnMap":{"0":{"name":"(anonymous_0)","decl":{"start":{"line":6,"column":16},"end":{"line":6,"column":17}},"loc":{"start":{"line":6,"column":36},"end":{"line":30,"column":1}},"line":6}},"branchMap":{"0":{"loc":{"start":{"line":12,"column":4},"end":{"line":15,"column":5}},"type":"if","locations":[{"start":{"line":12,"column":4},"end":{"line":15,"column":5}},{"start":{},"end":{}}],"line":12},"1":{"loc":{"start":{"line":17,"column":4},"end":{"line":20,"column":5}},"type":"if","locations":[{"start":{"line":17,"column":4},"end":{"line":20,"column":5}},{"start":{},"end":{}}],"line":17}},"s":{"0":1,"1":1,"2":1,"3":1,"4":0,"5":0,"6":0,"7":0,"8":0,"9":0,"10":0,"11":0,"12":0,"13":0,"14":0,"15":0,"16":0,"17":0,"18":0,"19":1},"f":{"0":0},"b":{"0":[0,0],"1":[0,0]},"_coverageSchema":"1a1c01bbd47fc00a2c39e90264f33305004495a9","hash":"39d3014256e7301bedd569c955661a027b29c93c"}
,"C:\\Users\\alnav\\.gemini\\antigravity-ide\\scratch\\wtf-livepulse\\backend\\src\\routes\\simulator.js": {"path":"C:\\Users\\alnav\\.gemini\\antigravity-ide\\scratch\\wtf-livepulse\\backend\\src\\routes\\simulator.js","statementMap":{"0":{"start":{"line":1,"column":16},"end":{"line":1,"column":34}},"1":{"start":{"line":2,"column":15},"end":{"line":2,"column":31}},"2":{"start":{"line":3,"column":25},"end":{"line":3,"column":64}},"3":{"start":{"line":6,"column":0},"end":{"line":15,"column":3}},"4":{"start":{"line":7,"column":2},"end":{"line":14,"column":3}},"5":{"start":{"line":8,"column":22},"end":{"line":8,"column":36}},"6":{"start":{"line":9,"column":19},"end":{"line":9,"column":53}},"7":{"start":{"line":10,"column":4},"end":{"line":10,"column":21}},"8":{"start":{"line":12,"column":4},"end":{"line":12,"column":52}},"9":{"start":{"line":13,"column":4},"end":{"line":13,"column":61}},"10":{"start":{"line":18,"column":0},"end":{"line":26,"column":3}},"11":{"start":{"line":19,"column":2},"end":{"line":25,"column":3}},"12":{"start":{"line":20,"column":19},"end":{"line":20,"column":42}},"13":{"start":{"line":21,"column":4},"end":{"line":21,"column":21}},"14":{"start":{"line":23,"column":4},"end":{"line":23,"column":52}},"15":{"start":{"line":24,"column":4},"end":{"line":24,"column":61}},"16":{"start":{"line":29,"column":0},"end":{"line":37,"column":3}},"17":{"start":{"line":30,"column":2},"end":{"line":36,"column":3}},"18":{"start":{"line":31,"column":19},"end":{"line":31,"column":49}},"19":{"start":{"line":32,"column":4},"end":{"line":32,"column":21}},"20":{"start":{"line":34,"column":4},"end":{"line":34,"column":53}},"21":{"start":{"line":35,"column":4},"end":{"line":35,"column":61}},"22":{"start":{"line":39,"column":0},"end":{"line":39,"column":24}}},"fnMap":{"0":{"name":"(anonymous_0)","decl":{"start":{"line":6,"column":22},"end":{"line":6,"column":23}},"loc":{"start":{"line":6,"column":36},"end":{"line":15,"column":1}},"line":6},"1":{"name":"(anonymous_1)","decl":{"start":{"line":18,"column":21},"end":{"line":18,"column":22}},"loc":{"start":{"line":18,"column":35},"end":{"line":26,"column":1}},"line":18},"2":{"name":"(anonymous_2)","decl":{"start":{"line":29,"column":22},"end":{"line":29,"column":23}},"loc":{"start":{"line":29,"column":42},"end":{"line":37,"column":1}},"line":29}},"branchMap":{"0":{"loc":{"start":{"line":8,"column":22},"end":{"line":8,"column":36}},"type":"binary-expr","locations":[{"start":{"line":8,"column":22},"end":{"line":8,"column":30}},{"start":{"line":8,"column":34},"end":{"line":8,"column":36}}],"line":8},"1":{"loc":{"start":{"line":9,"column":42},"end":{"line":9,"column":52}},"type":"binary-expr","locations":[{"start":{"line":9,"column":42},"end":{"line":9,"column":47}},{"start":{"line":9,"column":51},"end":{"line":9,"column":52}}],"line":9}},"s":{"0":1,"1":1,"2":1,"3":1,"4":1,"5":1,"6":1,"7":1,"8":0,"9":0,"10":1,"11":1,"12":1,"13":1,"14":0,"15":0,"16":1,"17":1,"18":1,"19":1,"20":0,"21":0,"22":1},"f":{"0":1,"1":1,"2":1},"b":{"0":[1,0],"1":[1,0]},"_coverageSchema":"1a1c01bbd47fc00a2c39e90264f33305004495a9","hash":"c1578310779ca9a4b8fac8d6156eb7b2e664c291"}
,"C:\\Users\\alnav\\.gemini\\antigravity-ide\\scratch\\wtf-livepulse\\backend\\src\\services\\anomalyService.js": {"path":"C:\\Users\\alnav\\.gemini\\antigravity-ide\\scratch\\wtf-livepulse\\backend\\src\\services\\anomalyService.js","statementMap":{"0":{"start":{"line":1,"column":13},"end":{"line":1,"column":34}},"1":{"start":{"line":5,"column":19},"end":{"line":5,"column":39}},"2":{"start":{"line":6,"column":4},"end":{"line":216,"column":5}},"3":{"start":{"line":7,"column":22},"end":{"line":7,"column":92}},"4":{"start":{"line":8,"column":19},"end":{"line":8,"column":31}},"5":{"start":{"line":10,"column":18},"end":{"line":10,"column":28}},"6":{"start":{"line":11,"column":29},"end":{"line":11,"column":118}},"7":{"start":{"line":13,"column":6},"end":{"line":213,"column":7}},"8":{"start":{"line":17,"column":23},"end":{"line":17,"column":88}},"9":{"start":{"line":18,"column":8},"end":{"line":77,"column":9}},"10":{"start":{"line":19,"column":35},"end":{"line":24,"column":11}},"11":{"start":{"line":25,"column":30},"end":{"line":25,"column":81}},"12":{"start":{"line":27,"column":10},"end":{"line":76,"column":11}},"13":{"start":{"line":29,"column":32},"end":{"line":32,"column":13}},"14":{"start":{"line":33,"column":12},"end":{"line":53,"column":13}},"15":{"start":{"line":34,"column":26},"end":{"line":34,"column":110}},"16":{"start":{"line":35,"column":32},"end":{"line":40,"column":15}},"17":{"start":{"line":41,"column":30},"end":{"line":41,"column":47}},"18":{"start":{"line":42,"column":14},"end":{"line":52,"column":15}},"19":{"start":{"line":43,"column":16},"end":{"line":51,"column":19}},"20":{"start":{"line":56,"column":34},"end":{"line":59,"column":13}},"21":{"start":{"line":60,"column":12},"end":{"line":75,"column":13}},"22":{"start":{"line":61,"column":14},"end":{"line":74,"column":15}},"23":{"start":{"line":62,"column":16},"end":{"line":65,"column":18}},"24":{"start":{"line":66,"column":16},"end":{"line":73,"column":17}},"25":{"start":{"line":67,"column":18},"end":{"line":72,"column":21}},"26":{"start":{"line":82,"column":23},"end":{"line":85,"column":9}},"27":{"start":{"line":86,"column":27},"end":{"line":86,"column":61}},"28":{"start":{"line":87,"column":23},"end":{"line":87,"column":56}},"29":{"start":{"line":89,"column":8},"end":{"line":138,"column":9}},"30":{"start":{"line":91,"column":30},"end":{"line":94,"column":11}},"31":{"start":{"line":95,"column":10},"end":{"line":115,"column":11}},"32":{"start":{"line":96,"column":24},"end":{"line":96,"column":133}},"33":{"start":{"line":97,"column":30},"end":{"line":102,"column":13}},"34":{"start":{"line":103,"column":28},"end":{"line":103,"column":45}},"35":{"start":{"line":104,"column":12},"end":{"line":114,"column":13}},"36":{"start":{"line":105,"column":14},"end":{"line":113,"column":17}},"37":{"start":{"line":116,"column":15},"end":{"line":138,"column":9}},"38":{"start":{"line":118,"column":31},"end":{"line":121,"column":11}},"39":{"start":{"line":122,"column":10},"end":{"line":137,"column":11}},"40":{"start":{"line":123,"column":12},"end":{"line":136,"column":13}},"41":{"start":{"line":124,"column":14},"end":{"line":127,"column":16}},"42":{"start":{"line":128,"column":14},"end":{"line":135,"column":15}},"43":{"start":{"line":129,"column":16},"end":{"line":134,"column":19}},"44":{"start":{"line":143,"column":28},"end":{"line":146,"column":9}},"45":{"start":{"line":147,"column":25},"end":{"line":147,"column":62}},"46":{"start":{"line":150,"column":31},"end":{"line":157,"column":9}},"47":{"start":{"line":158,"column":28},"end":{"line":158,"column":68}},"48":{"start":{"line":160,"column":8},"end":{"line":212,"column":9}},"49":{"start":{"line":161,"column":24},"end":{"line":161,"column":46}},"50":{"start":{"line":162,"column":10},"end":{"line":211,"column":11}},"51":{"start":{"line":164,"column":32},"end":{"line":167,"column":13}},"52":{"start":{"line":168,"column":12},"end":{"line":188,"column":13}},"53":{"start":{"line":169,"column":26},"end":{"line":169,"column":164}},"54":{"start":{"line":170,"column":32},"end":{"line":175,"column":15}},"55":{"start":{"line":176,"column":30},"end":{"line":176,"column":47}},"56":{"start":{"line":177,"column":14},"end":{"line":187,"column":15}},"57":{"start":{"line":178,"column":16},"end":{"line":186,"column":19}},"58":{"start":{"line":189,"column":17},"end":{"line":211,"column":11}},"59":{"start":{"line":191,"column":33},"end":{"line":194,"column":13}},"60":{"start":{"line":195,"column":12},"end":{"line":210,"column":13}},"61":{"start":{"line":196,"column":14},"end":{"line":209,"column":15}},"62":{"start":{"line":197,"column":16},"end":{"line":200,"column":18}},"63":{"start":{"line":201,"column":16},"end":{"line":208,"column":17}},"64":{"start":{"line":202,"column":18},"end":{"line":207,"column":21}},"65":{"start":{"line":215,"column":6},"end":{"line":215,"column":23}},"66":{"start":{"line":221,"column":14},"end":{"line":226,"column":5}},"67":{"start":{"line":227,"column":19},"end":{"line":227,"column":21}},"68":{"start":{"line":229,"column":4},"end":{"line":232,"column":5}},"69":{"start":{"line":230,"column":6},"end":{"line":230,"column":25}},"70":{"start":{"line":231,"column":6},"end":{"line":231,"column":49}},"71":{"start":{"line":234,"column":4},"end":{"line":237,"column":5}},"72":{"start":{"line":235,"column":6},"end":{"line":235,"column":28}},"73":{"start":{"line":236,"column":6},"end":{"line":236,"column":51}},"74":{"start":{"line":239,"column":4},"end":{"line":239,"column":42}},"75":{"start":{"line":241,"column":16},"end":{"line":241,"column":45}},"76":{"start":{"line":242,"column":4},"end":{"line":242,"column":20}},"77":{"start":{"line":246,"column":16},"end":{"line":246,"column":86}},"78":{"start":{"line":247,"column":4},"end":{"line":247,"column":74}},"79":{"start":{"line":247,"column":31},"end":{"line":247,"column":74}},"80":{"start":{"line":249,"column":20},"end":{"line":249,"column":31}},"81":{"start":{"line":250,"column":4},"end":{"line":252,"column":5}},"82":{"start":{"line":251,"column":6},"end":{"line":251,"column":88}},"83":{"start":{"line":254,"column":22},"end":{"line":257,"column":5}},"84":{"start":{"line":259,"column":4},"end":{"line":259,"column":52}},"85":{"start":{"line":263,"column":0},"end":{"line":263,"column":38}}},"fnMap":{"0":{"name":"(anonymous_0)","decl":{"start":{"line":4,"column":2},"end":{"line":4,"column":3}},"loc":{"start":{"line":4,"column":51},"end":{"line":217,"column":3}},"line":4},"1":{"name":"(anonymous_1)","decl":{"start":{"line":219,"column":2},"end":{"line":219,"column":3}},"loc":{"start":{"line":219,"column":58},"end":{"line":243,"column":3}},"line":219},"2":{"name":"(anonymous_2)","decl":{"start":{"line":245,"column":2},"end":{"line":245,"column":3}},"loc":{"start":{"line":245,"column":34},"end":{"line":260,"column":3}},"line":245}},"branchMap":{"0":{"loc":{"start":{"line":4,"column":25},"end":{"line":4,"column":49}},"type":"default-arg","locations":[{"start":{"line":4,"column":45},"end":{"line":4,"column":49}}],"line":4},"1":{"loc":{"start":{"line":17,"column":23},"end":{"line":17,"column":88}},"type":"binary-expr","locations":[{"start":{"line":17,"column":23},"end":{"line":17,"column":53}},{"start":{"line":17,"column":57},"end":{"line":17,"column":88}}],"line":17},"2":{"loc":{"start":{"line":18,"column":8},"end":{"line":77,"column":9}},"type":"if","locations":[{"start":{"line":18,"column":8},"end":{"line":77,"column":9}},{"start":{},"end":{}}],"line":18},"3":{"loc":{"start":{"line":27,"column":10},"end":{"line":76,"column":11}},"type":"if","locations":[{"start":{"line":27,"column":10},"end":{"line":76,"column":11}},{"start":{"line":54,"column":17},"end":{"line":76,"column":11}}],"line":27},"4":{"loc":{"start":{"line":33,"column":12},"end":{"line":53,"column":13}},"type":"if","locations":[{"start":{"line":33,"column":12},"end":{"line":53,"column":13}},{"start":{},"end":{}}],"line":33},"5":{"loc":{"start":{"line":42,"column":14},"end":{"line":52,"column":15}},"type":"if","locations":[{"start":{"line":42,"column":14},"end":{"line":52,"column":15}},{"start":{},"end":{}}],"line":42},"6":{"loc":{"start":{"line":60,"column":12},"end":{"line":75,"column":13}},"type":"if","locations":[{"start":{"line":60,"column":12},"end":{"line":75,"column":13}},{"start":{},"end":{}}],"line":60},"7":{"loc":{"start":{"line":66,"column":16},"end":{"line":73,"column":17}},"type":"if","locations":[{"start":{"line":66,"column":16},"end":{"line":73,"column":17}},{"start":{},"end":{}}],"line":66},"8":{"loc":{"start":{"line":89,"column":8},"end":{"line":138,"column":9}},"type":"if","locations":[{"start":{"line":89,"column":8},"end":{"line":138,"column":9}},{"start":{"line":116,"column":15},"end":{"line":138,"column":9}}],"line":89},"9":{"loc":{"start":{"line":95,"column":10},"end":{"line":115,"column":11}},"type":"if","locations":[{"start":{"line":95,"column":10},"end":{"line":115,"column":11}},{"start":{},"end":{}}],"line":95},"10":{"loc":{"start":{"line":104,"column":12},"end":{"line":114,"column":13}},"type":"if","locations":[{"start":{"line":104,"column":12},"end":{"line":114,"column":13}},{"start":{},"end":{}}],"line":104},"11":{"loc":{"start":{"line":116,"column":15},"end":{"line":138,"column":9}},"type":"if","locations":[{"start":{"line":116,"column":15},"end":{"line":138,"column":9}},{"start":{},"end":{}}],"line":116},"12":{"loc":{"start":{"line":122,"column":10},"end":{"line":137,"column":11}},"type":"if","locations":[{"start":{"line":122,"column":10},"end":{"line":137,"column":11}},{"start":{},"end":{}}],"line":122},"13":{"loc":{"start":{"line":128,"column":14},"end":{"line":135,"column":15}},"type":"if","locations":[{"start":{"line":128,"column":14},"end":{"line":135,"column":15}},{"start":{},"end":{}}],"line":128},"14":{"loc":{"start":{"line":160,"column":8},"end":{"line":212,"column":9}},"type":"if","locations":[{"start":{"line":160,"column":8},"end":{"line":212,"column":9}},{"start":{},"end":{}}],"line":160},"15":{"loc":{"start":{"line":162,"column":10},"end":{"line":211,"column":11}},"type":"if","locations":[{"start":{"line":162,"column":10},"end":{"line":211,"column":11}},{"start":{"line":189,"column":17},"end":{"line":211,"column":11}}],"line":162},"16":{"loc":{"start":{"line":168,"column":12},"end":{"line":188,"column":13}},"type":"if","locations":[{"start":{"line":168,"column":12},"end":{"line":188,"column":13}},{"start":{},"end":{}}],"line":168},"17":{"loc":{"start":{"line":177,"column":14},"end":{"line":187,"column":15}},"type":"if","locations":[{"start":{"line":177,"column":14},"end":{"line":187,"column":15}},{"start":{},"end":{}}],"line":177},"18":{"loc":{"start":{"line":189,"column":17},"end":{"line":211,"column":11}},"type":"if","locations":[{"start":{"line":189,"column":17},"end":{"line":211,"column":11}},{"start":{},"end":{}}],"line":189},"19":{"loc":{"start":{"line":195,"column":12},"end":{"line":210,"column":13}},"type":"if","locations":[{"start":{"line":195,"column":12},"end":{"line":210,"column":13}},{"start":{},"end":{}}],"line":195},"20":{"loc":{"start":{"line":201,"column":16},"end":{"line":208,"column":17}},"type":"if","locations":[{"start":{"line":201,"column":16},"end":{"line":208,"column":17}},{"start":{},"end":{}}],"line":201},"21":{"loc":{"start":{"line":219,"column":27},"end":{"line":219,"column":39}},"type":"default-arg","locations":[{"start":{"line":219,"column":35},"end":{"line":219,"column":39}}],"line":219},"22":{"loc":{"start":{"line":219,"column":41},"end":{"line":219,"column":56}},"type":"default-arg","locations":[{"start":{"line":219,"column":52},"end":{"line":219,"column":56}}],"line":219},"23":{"loc":{"start":{"line":229,"column":4},"end":{"line":232,"column":5}},"type":"if","locations":[{"start":{"line":229,"column":4},"end":{"line":232,"column":5}},{"start":{},"end":{}}],"line":229},"24":{"loc":{"start":{"line":234,"column":4},"end":{"line":237,"column":5}},"type":"if","locations":[{"start":{"line":234,"column":4},"end":{"line":237,"column":5}},{"start":{},"end":{}}],"line":234},"25":{"loc":{"start":{"line":247,"column":4},"end":{"line":247,"column":74}},"type":"if","locations":[{"start":{"line":247,"column":4},"end":{"line":247,"column":74}},{"start":{},"end":{}}],"line":247},"26":{"loc":{"start":{"line":250,"column":4},"end":{"line":252,"column":5}},"type":"if","locations":[{"start":{"line":250,"column":4},"end":{"line":252,"column":5}},{"start":{},"end":{}}],"line":250}},"s":{"0":2,"1":6,"2":6,"3":6,"4":6,"5":6,"6":6,"7":6,"8":6,"9":6,"10":6,"11":6,"12":6,"13":1,"14":1,"15":1,"16":1,"17":1,"18":1,"19":1,"20":5,"21":5,"22":1,"23":1,"24":1,"25":1,"26":6,"27":6,"28":6,"29":6,"30":1,"31":1,"32":1,"33":1,"34":1,"35":1,"36":1,"37":5,"38":5,"39":5,"40":1,"41":1,"42":1,"43":1,"44":6,"45":6,"46":6,"47":6,"48":6,"49":6,"50":6,"51":1,"52":1,"53":1,"54":1,"55":1,"56":1,"57":1,"58":5,"59":5,"60":5,"61":1,"62":1,"63":1,"64":1,"65":6,"66":0,"67":0,"68":0,"69":0,"70":0,"71":0,"72":0,"73":0,"74":0,"75":0,"76":0,"77":2,"78":2,"79":0,"80":2,"81":2,"82":1,"83":1,"84":1,"85":2},"f":{"0":6,"1":0,"2":2},"b":{"0":[0],"1":[6,6],"2":[6,0],"3":[1,5],"4":[1,0],"5":[1,0],"6":[1,4],"7":[1,0],"8":[1,5],"9":[1,0],"10":[1,0],"11":[5,0],"12":[1,4],"13":[1,0],"14":[6,0],"15":[1,5],"16":[1,0],"17":[1,0],"18":[5,0],"19":[1,4],"20":[1,0],"21":[0],"22":[0],"23":[0,0],"24":[0,0],"25":[0,2],"26":[1,1]},"_coverageSchema":"1a1c01bbd47fc00a2c39e90264f33305004495a9","hash":"15b85687f25543bc66978da8b721e6a16cf51cc1"}
,"C:\\Users\\alnav\\.gemini\\antigravity-ide\\scratch\\wtf-livepulse\\backend\\src\\services\\simulatorService.js": {"path":"C:\\Users\\alnav\\.gemini\\antigravity-ide\\scratch\\wtf-livepulse\\backend\\src\\services\\simulatorService.js","statementMap":{"0":{"start":{"line":1,"column":13},"end":{"line":1,"column":34}},"1":{"start":{"line":2,"column":23},"end":{"line":2,"column":50}},"2":{"start":{"line":6,"column":4},"end":{"line":6,"column":27}},"3":{"start":{"line":7,"column":4},"end":{"line":7,"column":19}},"4":{"start":{"line":8,"column":4},"end":{"line":8,"column":22}},"5":{"start":{"line":9,"column":4},"end":{"line":9,"column":34}},"6":{"start":{"line":13,"column":4},"end":{"line":13,"column":32}},"7":{"start":{"line":17,"column":4},"end":{"line":17,"column":42}},"8":{"start":{"line":18,"column":4},"end":{"line":18,"column":28}},"9":{"start":{"line":20,"column":4},"end":{"line":22,"column":5}},"10":{"start":{"line":21,"column":6},"end":{"line":21,"column":32}},"11":{"start":{"line":24,"column":23},"end":{"line":24,"column":67}},"12":{"start":{"line":25,"column":4},"end":{"line":27,"column":19}},"13":{"start":{"line":26,"column":6},"end":{"line":26,"column":18}},"14":{"start":{"line":29,"column":4},"end":{"line":29,"column":54}},"15":{"start":{"line":33,"column":4},"end":{"line":33,"column":27}},"16":{"start":{"line":34,"column":4},"end":{"line":37,"column":5}},"17":{"start":{"line":35,"column":6},"end":{"line":35,"column":32}},"18":{"start":{"line":36,"column":6},"end":{"line":36,"column":24}},"19":{"start":{"line":38,"column":4},"end":{"line":38,"column":35}},"20":{"start":{"line":42,"column":4},"end":{"line":42,"column":16}},"21":{"start":{"line":44,"column":4},"end":{"line":44,"column":90}},"22":{"start":{"line":45,"column":4},"end":{"line":45,"column":31}},"23":{"start":{"line":49,"column":4},"end":{"line":49,"column":42}},"24":{"start":{"line":49,"column":35},"end":{"line":49,"column":42}},"25":{"start":{"line":51,"column":4},"end":{"line":179,"column":5}},"26":{"start":{"line":53,"column":21},"end":{"line":53,"column":115}},"27":{"start":{"line":54,"column":6},"end":{"line":54,"column":43}},"28":{"start":{"line":54,"column":36},"end":{"line":54,"column":43}},"29":{"start":{"line":55,"column":18},"end":{"line":55,"column":32}},"30":{"start":{"line":58,"column":19},"end":{"line":58,"column":32}},"31":{"start":{"line":60,"column":6},"end":{"line":173,"column":7}},"32":{"start":{"line":62,"column":26},"end":{"line":69,"column":9}},"33":{"start":{"line":71,"column":8},"end":{"line":100,"column":9}},"34":{"start":{"line":72,"column":25},"end":{"line":72,"column":42}},"35":{"start":{"line":73,"column":10},"end":{"line":76,"column":12}},"36":{"start":{"line":79,"column":10},"end":{"line":79,"column":100}},"37":{"start":{"line":82,"column":25},"end":{"line":85,"column":11}},"38":{"start":{"line":86,"column":29},"end":{"line":86,"column":63}},"39":{"start":{"line":87,"column":30},"end":{"line":87,"column":75}},"40":{"start":{"line":89,"column":10},"end":{"line":99,"column":11}},"41":{"start":{"line":90,"column":12},"end":{"line":98,"column":15}},"42":{"start":{"line":101,"column":13},"end":{"line":173,"column":7}},"43":{"start":{"line":103,"column":31},"end":{"line":110,"column":9}},"44":{"start":{"line":112,"column":8},"end":{"line":135,"column":9}},"45":{"start":{"line":113,"column":30},"end":{"line":113,"column":52}},"46":{"start":{"line":114,"column":10},"end":{"line":114,"column":102}},"47":{"start":{"line":117,"column":25},"end":{"line":120,"column":11}},"48":{"start":{"line":121,"column":29},"end":{"line":121,"column":63}},"49":{"start":{"line":122,"column":30},"end":{"line":122,"column":75}},"50":{"start":{"line":124,"column":10},"end":{"line":134,"column":11}},"51":{"start":{"line":125,"column":12},"end":{"line":133,"column":15}},"52":{"start":{"line":138,"column":26},"end":{"line":141,"column":9}},"53":{"start":{"line":143,"column":8},"end":{"line":172,"column":9}},"54":{"start":{"line":144,"column":25},"end":{"line":144,"column":42}},"55":{"start":{"line":145,"column":26},"end":{"line":145,"column":75}},"56":{"start":{"line":146,"column":25},"end":{"line":146,"column":58}},"57":{"start":{"line":148,"column":10},"end":{"line":152,"column":12}},"58":{"start":{"line":155,"column":25},"end":{"line":158,"column":11}},"59":{"start":{"line":159,"column":29},"end":{"line":159,"column":61}},"60":{"start":{"line":161,"column":10},"end":{"line":171,"column":11}},"61":{"start":{"line":162,"column":12},"end":{"line":170,"column":15}},"62":{"start":{"line":176,"column":6},"end":{"line":176,"column":68}},"63":{"start":{"line":178,"column":6},"end":{"line":178,"column":53}},"64":{"start":{"line":183,"column":0},"end":{"line":183,"column":40}}},"fnMap":{"0":{"name":"(anonymous_0)","decl":{"start":{"line":5,"column":2},"end":{"line":5,"column":3}},"loc":{"start":{"line":5,"column":16},"end":{"line":10,"column":3}},"line":5},"1":{"name":"(anonymous_1)","decl":{"start":{"line":12,"column":2},"end":{"line":12,"column":3}},"loc":{"start":{"line":12,"column":27},"end":{"line":14,"column":3}},"line":12},"2":{"name":"(anonymous_2)","decl":{"start":{"line":16,"column":2},"end":{"line":16,"column":3}},"loc":{"start":{"line":16,"column":19},"end":{"line":30,"column":3}},"line":16},"3":{"name":"(anonymous_3)","decl":{"start":{"line":25,"column":29},"end":{"line":25,"column":30}},"loc":{"start":{"line":25,"column":35},"end":{"line":27,"column":5}},"line":25},"4":{"name":"(anonymous_4)","decl":{"start":{"line":32,"column":2},"end":{"line":32,"column":3}},"loc":{"start":{"line":32,"column":9},"end":{"line":39,"column":3}},"line":32},"5":{"name":"(anonymous_5)","decl":{"start":{"line":41,"column":2},"end":{"line":41,"column":3}},"loc":{"start":{"line":41,"column":16},"end":{"line":46,"column":3}},"line":41},"6":{"name":"(anonymous_6)","decl":{"start":{"line":48,"column":2},"end":{"line":48,"column":3}},"loc":{"start":{"line":48,"column":15},"end":{"line":180,"column":3}},"line":48}},"branchMap":{"0":{"loc":{"start":{"line":16,"column":8},"end":{"line":16,"column":17}},"type":"default-arg","locations":[{"start":{"line":16,"column":16},"end":{"line":16,"column":17}}],"line":16},"1":{"loc":{"start":{"line":17,"column":17},"end":{"line":17,"column":41}},"type":"binary-expr","locations":[{"start":{"line":17,"column":17},"end":{"line":17,"column":36}},{"start":{"line":17,"column":40},"end":{"line":17,"column":41}}],"line":17},"2":{"loc":{"start":{"line":20,"column":4},"end":{"line":22,"column":5}},"type":"if","locations":[{"start":{"line":20,"column":4},"end":{"line":22,"column":5}},{"start":{},"end":{}}],"line":20},"3":{"loc":{"start":{"line":34,"column":4},"end":{"line":37,"column":5}},"type":"if","locations":[{"start":{"line":34,"column":4},"end":{"line":37,"column":5}},{"start":{},"end":{}}],"line":34},"4":{"loc":{"start":{"line":49,"column":4},"end":{"line":49,"column":42}},"type":"if","locations":[{"start":{"line":49,"column":4},"end":{"line":49,"column":42}},{"start":{},"end":{}}],"line":49},"5":{"loc":{"start":{"line":54,"column":6},"end":{"line":54,"column":43}},"type":"if","locations":[{"start":{"line":54,"column":6},"end":{"line":54,"column":43}},{"start":{},"end":{}}],"line":54},"6":{"loc":{"start":{"line":60,"column":6},"end":{"line":173,"column":7}},"type":"if","locations":[{"start":{"line":60,"column":6},"end":{"line":173,"column":7}},{"start":{"line":101,"column":13},"end":{"line":173,"column":7}}],"line":60},"7":{"loc":{"start":{"line":71,"column":8},"end":{"line":100,"column":9}},"type":"if","locations":[{"start":{"line":71,"column":8},"end":{"line":100,"column":9}},{"start":{},"end":{}}],"line":71},"8":{"loc":{"start":{"line":89,"column":10},"end":{"line":99,"column":11}},"type":"if","locations":[{"start":{"line":89,"column":10},"end":{"line":99,"column":11}},{"start":{},"end":{}}],"line":89},"9":{"loc":{"start":{"line":101,"column":13},"end":{"line":173,"column":7}},"type":"if","locations":[{"start":{"line":101,"column":13},"end":{"line":173,"column":7}},{"start":{"line":136,"column":13},"end":{"line":173,"column":7}}],"line":101},"10":{"loc":{"start":{"line":112,"column":8},"end":{"line":135,"column":9}},"type":"if","locations":[{"start":{"line":112,"column":8},"end":{"line":135,"column":9}},{"start":{},"end":{}}],"line":112},"11":{"loc":{"start":{"line":124,"column":10},"end":{"line":134,"column":11}},"type":"if","locations":[{"start":{"line":124,"column":10},"end":{"line":134,"column":11}},{"start":{},"end":{}}],"line":124},"12":{"loc":{"start":{"line":143,"column":8},"end":{"line":172,"column":9}},"type":"if","locations":[{"start":{"line":143,"column":8},"end":{"line":172,"column":9}},{"start":{},"end":{}}],"line":143},"13":{"loc":{"start":{"line":146,"column":25},"end":{"line":146,"column":58}},"type":"binary-expr","locations":[{"start":{"line":146,"column":25},"end":{"line":146,"column":50}},{"start":{"line":146,"column":54},"end":{"line":146,"column":58}}],"line":146},"14":{"loc":{"start":{"line":161,"column":10},"end":{"line":171,"column":11}},"type":"if","locations":[{"start":{"line":161,"column":10},"end":{"line":171,"column":11}},{"start":{},"end":{}}],"line":161}},"s":{"0":2,"1":2,"2":2,"3":2,"4":2,"5":2,"6":1,"7":2,"8":2,"9":2,"10":0,"11":2,"12":2,"13":0,"14":2,"15":5,"16":5,"17":2,"18":2,"19":5,"20":0,"21":0,"22":0,"23":1,"24":0,"25":1,"26":1,"27":1,"28":0,"29":1,"30":1,"31":1,"32":1,"33":1,"34":1,"35":1,"36":1,"37":1,"38":1,"39":1,"40":1,"41":1,"42":0,"43":0,"44":0,"45":0,"46":0,"47":0,"48":0,"49":0,"50":0,"51":0,"52":0,"53":0,"54":0,"55":0,"56":0,"57":0,"58":0,"59":0,"60":0,"61":0,"62":1,"63":0,"64":2},"f":{"0":2,"1":1,"2":2,"3":0,"4":5,"5":0,"6":1},"b":{"0":[0],"1":[2,0],"2":[0,2],"3":[2,3],"4":[0,1],"5":[0,1],"6":[1,0],"7":[1,0],"8":[1,0],"9":[0,0],"10":[0,0],"11":[0,0],"12":[0,0],"13":[0,0],"14":[0,0]},"_coverageSchema":"1a1c01bbd47fc00a2c39e90264f33305004495a9","hash":"01bbbfeb3dd1514c34f3e032413cd5996468fe83"}
,"C:\\Users\\alnav\\.gemini\\antigravity-ide\\scratch\\wtf-livepulse\\backend\\src\\services\\statsService.js": {"path":"C:\\Users\\alnav\\.gemini\\antigravity-ide\\scratch\\wtf-livepulse\\backend\\src\\services\\statsService.js","statementMap":{"0":{"start":{"line":1,"column":13},"end":{"line":1,"column":34}},"1":{"start":{"line":5,"column":18},"end":{"line":30,"column":5}},"2":{"start":{"line":31,"column":16},"end":{"line":31,"column":39}},"3":{"start":{"line":32,"column":4},"end":{"line":32,"column":20}},"4":{"start":{"line":36,"column":19},"end":{"line":36,"column":80}},"5":{"start":{"line":37,"column":4},"end":{"line":37,"column":46}},"6":{"start":{"line":37,"column":34},"end":{"line":37,"column":46}},"7":{"start":{"line":38,"column":16},"end":{"line":38,"column":30}},"8":{"start":{"line":41,"column":19},"end":{"line":44,"column":5}},"9":{"start":{"line":47,"column":19},"end":{"line":50,"column":5}},"10":{"start":{"line":53,"column":22},"end":{"line":82,"column":5}},"11":{"start":{"line":85,"column":25},"end":{"line":88,"column":5}},"12":{"start":{"line":90,"column":4},"end":{"line":96,"column":6}},"13":{"start":{"line":100,"column":15},"end":{"line":100,"column":17}},"14":{"start":{"line":101,"column":4},"end":{"line":101,"column":37}},"15":{"start":{"line":101,"column":28},"end":{"line":101,"column":37}},"16":{"start":{"line":102,"column":4},"end":{"line":102,"column":39}},"17":{"start":{"line":102,"column":29},"end":{"line":102,"column":39}},"18":{"start":{"line":105,"column":23},"end":{"line":108,"column":5}},"19":{"start":{"line":111,"column":28},"end":{"line":117,"column":5}},"20":{"start":{"line":120,"column":21},"end":{"line":130,"column":5}},"21":{"start":{"line":133,"column":21},"end":{"line":139,"column":5}},"22":{"start":{"line":141,"column":4},"end":{"line":146,"column":6}},"23":{"start":{"line":151,"column":18},"end":{"line":160,"column":5}},"24":{"start":{"line":161,"column":16},"end":{"line":161,"column":39}},"25":{"start":{"line":162,"column":4},"end":{"line":166,"column":8}},"26":{"start":{"line":162,"column":41},"end":{"line":166,"column":5}},"27":{"start":{"line":170,"column":18},"end":{"line":197,"column":5}},"28":{"start":{"line":198,"column":16},"end":{"line":198,"column":48}},"29":{"start":{"line":199,"column":4},"end":{"line":199,"column":20}},"30":{"start":{"line":203,"column":0},"end":{"line":203,"column":36}}},"fnMap":{"0":{"name":"(anonymous_0)","decl":{"start":{"line":4,"column":2},"end":{"line":4,"column":3}},"loc":{"start":{"line":4,"column":21},"end":{"line":33,"column":3}},"line":4},"1":{"name":"(anonymous_1)","decl":{"start":{"line":35,"column":2},"end":{"line":35,"column":3}},"loc":{"start":{"line":35,"column":34},"end":{"line":97,"column":3}},"line":35},"2":{"name":"(anonymous_2)","decl":{"start":{"line":99,"column":2},"end":{"line":99,"column":3}},"loc":{"start":{"line":99,"column":50},"end":{"line":147,"column":3}},"line":99},"3":{"name":"(anonymous_3)","decl":{"start":{"line":149,"column":2},"end":{"line":149,"column":3}},"loc":{"start":{"line":149,"column":29},"end":{"line":167,"column":3}},"line":149},"4":{"name":"(anonymous_4)","decl":{"start":{"line":162,"column":24},"end":{"line":162,"column":25}},"loc":{"start":{"line":162,"column":41},"end":{"line":166,"column":5}},"line":162},"5":{"name":"(anonymous_5)","decl":{"start":{"line":169,"column":2},"end":{"line":169,"column":3}},"loc":{"start":{"line":169,"column":42},"end":{"line":200,"column":3}},"line":169}},"branchMap":{"0":{"loc":{"start":{"line":37,"column":4},"end":{"line":37,"column":46}},"type":"if","locations":[{"start":{"line":37,"column":4},"end":{"line":37,"column":46}},{"start":{},"end":{}}],"line":37},"1":{"loc":{"start":{"line":99,"column":31},"end":{"line":99,"column":48}},"type":"default-arg","locations":[{"start":{"line":99,"column":43},"end":{"line":99,"column":48}}],"line":99},"2":{"loc":{"start":{"line":101,"column":4},"end":{"line":101,"column":37}},"type":"if","locations":[{"start":{"line":101,"column":4},"end":{"line":101,"column":37}},{"start":{},"end":{}}],"line":101},"3":{"loc":{"start":{"line":102,"column":4},"end":{"line":102,"column":39}},"type":"if","locations":[{"start":{"line":102,"column":4},"end":{"line":102,"column":39}},{"start":{},"end":{}}],"line":102},"4":{"loc":{"start":{"line":169,"column":30},"end":{"line":169,"column":40}},"type":"default-arg","locations":[{"start":{"line":169,"column":38},"end":{"line":169,"column":40}}],"line":169}},"s":{"0":2,"1":1,"2":1,"3":1,"4":1,"5":1,"6":0,"7":1,"8":1,"9":1,"10":1,"11":1,"12":1,"13":1,"14":1,"15":0,"16":1,"17":0,"18":1,"19":1,"20":1,"21":1,"22":1,"23":1,"24":1,"25":1,"26":2,"27":1,"28":1,"29":1,"30":2},"f":{"0":1,"1":1,"2":1,"3":1,"4":2,"5":1},"b":{"0":[0,1],"1":[0],"2":[0,1],"3":[0,1],"4":[0]},"_coverageSchema":"1a1c01bbd47fc00a2c39e90264f33305004495a9","hash":"7fe9cb447bf3d27004ee2f2edaaed2adad51e395"}
,"C:\\Users\\alnav\\.gemini\\antigravity-ide\\scratch\\wtf-livepulse\\backend\\src\\websocket\\socketServer.js": {"path":"C:\\Users\\alnav\\.gemini\\antigravity-ide\\scratch\\wtf-livepulse\\backend\\src\\websocket\\socketServer.js","statementMap":{"0":{"start":{"line":1,"column":39},"end":{"line":1,"column":52}},"1":{"start":{"line":3,"column":10},"end":{"line":3,"column":14}},"2":{"start":{"line":6,"column":2},"end":{"line":6,"column":53}},"3":{"start":{"line":8,"column":2},"end":{"line":14,"column":5}},"4":{"start":{"line":9,"column":4},"end":{"line":9,"column":22}},"5":{"start":{"line":10,"column":4},"end":{"line":10,"column":48}},"6":{"start":{"line":10,"column":26},"end":{"line":10,"column":44}},"7":{"start":{"line":13,"column":4},"end":{"line":13,"column":107}},"8":{"start":{"line":17,"column":19},"end":{"line":24,"column":11}},"9":{"start":{"line":18,"column":4},"end":{"line":18,"column":21}},"10":{"start":{"line":18,"column":14},"end":{"line":18,"column":21}},"11":{"start":{"line":19,"column":4},"end":{"line":23,"column":7}},"12":{"start":{"line":20,"column":6},"end":{"line":20,"column":54}},"13":{"start":{"line":20,"column":32},"end":{"line":20,"column":54}},"14":{"start":{"line":21,"column":6},"end":{"line":21,"column":25}},"15":{"start":{"line":22,"column":6},"end":{"line":22,"column":16}},"16":{"start":{"line":26,"column":2},"end":{"line":28,"column":3}},"17":{"start":{"line":27,"column":4},"end":{"line":27,"column":21}},"18":{"start":{"line":30,"column":2},"end":{"line":32,"column":5}},"19":{"start":{"line":31,"column":4},"end":{"line":31,"column":28}},"20":{"start":{"line":34,"column":2},"end":{"line":34,"column":13}},"21":{"start":{"line":38,"column":2},"end":{"line":38,"column":19}},"22":{"start":{"line":38,"column":12},"end":{"line":38,"column":19}},"23":{"start":{"line":39,"column":18},"end":{"line":39,"column":41}},"24":{"start":{"line":40,"column":2},"end":{"line":44,"column":5}},"25":{"start":{"line":41,"column":4},"end":{"line":43,"column":5}},"26":{"start":{"line":42,"column":6},"end":{"line":42,"column":27}},"27":{"start":{"line":47,"column":0},"end":{"line":50,"column":2}}},"fnMap":{"0":{"name":"setupWebSocket","decl":{"start":{"line":5,"column":9},"end":{"line":5,"column":23}},"loc":{"start":{"line":5,"column":32},"end":{"line":35,"column":1}},"line":5},"1":{"name":"(anonymous_1)","decl":{"start":{"line":8,"column":23},"end":{"line":8,"column":24}},"loc":{"start":{"line":8,"column":31},"end":{"line":14,"column":3}},"line":8},"2":{"name":"(anonymous_2)","decl":{"start":{"line":10,"column":18},"end":{"line":10,"column":19}},"loc":{"start":{"line":10,"column":24},"end":{"line":10,"column":46}},"line":10},"3":{"name":"(anonymous_3)","decl":{"start":{"line":17,"column":31},"end":{"line":17,"column":32}},"loc":{"start":{"line":17,"column":37},"end":{"line":24,"column":3}},"line":17},"4":{"name":"(anonymous_4)","decl":{"start":{"line":19,"column":24},"end":{"line":19,"column":25}},"loc":{"start":{"line":19,"column":32},"end":{"line":23,"column":5}},"line":19},"5":{"name":"(anonymous_5)","decl":{"start":{"line":30,"column":18},"end":{"line":30,"column":19}},"loc":{"start":{"line":30,"column":24},"end":{"line":32,"column":3}},"line":30},"6":{"name":"broadcast","decl":{"start":{"line":37,"column":9},"end":{"line":37,"column":18}},"loc":{"start":{"line":37,"column":28},"end":{"line":45,"column":1}},"line":37},"7":{"name":"(anonymous_7)","decl":{"start":{"line":40,"column":22},"end":{"line":40,"column":23}},"loc":{"start":{"line":40,"column":34},"end":{"line":44,"column":3}},"line":40}},"branchMap":{"0":{"loc":{"start":{"line":18,"column":4},"end":{"line":18,"column":21}},"type":"if","locations":[{"start":{"line":18,"column":4},"end":{"line":18,"column":21}},{"start":{},"end":{}}],"line":18},"1":{"loc":{"start":{"line":20,"column":6},"end":{"line":20,"column":54}},"type":"if","locations":[{"start":{"line":20,"column":6},"end":{"line":20,"column":54}},{"start":{},"end":{}}],"line":20},"2":{"loc":{"start":{"line":26,"column":2},"end":{"line":28,"column":3}},"type":"if","locations":[{"start":{"line":26,"column":2},"end":{"line":28,"column":3}},{"start":{},"end":{}}],"line":26},"3":{"loc":{"start":{"line":38,"column":2},"end":{"line":38,"column":19}},"type":"if","locations":[{"start":{"line":38,"column":2},"end":{"line":38,"column":19}},{"start":{},"end":{}}],"line":38},"4":{"loc":{"start":{"line":41,"column":4},"end":{"line":43,"column":5}},"type":"if","locations":[{"start":{"line":41,"column":4},"end":{"line":43,"column":5}},{"start":{},"end":{}}],"line":41}},"s":{"0":1,"1":1,"2":1,"3":1,"4":0,"5":0,"6":0,"7":0,"8":1,"9":0,"10":0,"11":0,"12":0,"13":0,"14":0,"15":0,"16":1,"17":1,"18":1,"19":0,"20":1,"21":0,"22":0,"23":0,"24":0,"25":0,"26":0,"27":1},"f":{"0":1,"1":0,"2":0,"3":0,"4":0,"5":0,"6":0,"7":0},"b":{"0":[0,0],"1":[0,0],"2":[1,0],"3":[0,0],"4":[0,0]},"_coverageSchema":"1a1c01bbd47fc00a2c39e90264f33305004495a9","hash":"a0d7cf2b4a97354eda6ffdc25b97a0f35fd6d1fb"}
}
