TN:
SF:src\app.js
FN:30,(anonymous_0)
FN:40,startServer
FN:49,(anonymous_2)
FNF:3
FNH:2
FNDA:1,(anonymous_0)
FNDA:1,startServer
FNDA:0,(anonymous_2)
DA:1,1
DA:2,1
DA:3,1
DA:4,1
DA:6,1
DA:7,1
DA:8,1
DA:9,1
DA:11,1
DA:12,1
DA:13,1
DA:14,1
DA:15,1
DA:17,1
DA:18,1
DA:20,1
DA:21,1
DA:24,1
DA:25,1
DA:26,1
DA:27,1
DA:28,1
DA:30,1
DA:31,1
DA:35,1
DA:36,1
DA:38,1
DA:41,1
DA:42,1
DA:43,0
DA:44,0
DA:45,0
DA:48,1
DA:49,0
DA:50,0
DA:54,0
DA:58,1
DA:60,1
LF:38
LH:32
BRDA:38,0,0,1
BRDA:38,0,1,1
BRDA:42,1,0,0
BRDA:42,1,1,1
BRDA:48,2,0,0
BRDA:48,2,1,1
BRF:6
BRH:4
end_of_record
TN:
SF:src\db\pool.js
FN:13,(anonymous_0)
FNF:1
FNH:0
FNDA:0,(anonymous_0)
DA:1,4
DA:2,4
DA:4,4
DA:6,4
DA:13,4
DA:14,0
DA:17,4
LF:7
LH:6
BRDA:4,0,0,4
BRDA:4,0,1,4
BRF:2
BRH:2
end_of_record
TN:
SF:src\jobs\anomalyDetector.js
FN:6,startAnomalyDetectorJob
FN:10,(anonymous_1)
FN:14,(anonymous_2)
FN:15,(anonymous_3)
FN:21,stopAnomalyDetectorJob
FNF:5
FNH:0
FNDA:0,startAnomalyDetectorJob
FNDA:0,(anonymous_1)
FNDA:0,(anonymous_2)
FNDA:0,(anonymous_3)
FNDA:0,stopAnomalyDetectorJob
DA:1,1
DA:2,1
DA:4,1
DA:7,0
DA:10,0
DA:11,0
DA:14,0
DA:15,0
DA:16,0
DA:22,0
DA:23,0
DA:24,0
DA:28,1
LF:13
LH:4
BRDA:6,0,0,0
BRDA:7,1,0,0
BRDA:7,1,1,0
BRDA:22,2,0,0
BRDA:22,2,1,0
BRF:5
BRH:0
end_of_record
TN:
SF:src\jobs\simulator.js
FN:4,initSimulatorJob
FNF:1
FNH:1
FNDA:1,initSimulatorJob
DA:1,1
DA:2,1
DA:5,1
DA:8,1
LF:4
LH:4
BRF:0
BRH:0
end_of_record
TN:
SF:src\routes\analytics.js
FN:6,(anonymous_0)
FN:17,(anonymous_1)
FNF:2
FNH:1
FNDA:1,(anonymous_0)
FNDA:0,(anonymous_1)
DA:1,1
DA:2,1
DA:3,1
DA:6,1
DA:7,1
DA:8,1
DA:9,1
DA:11,0
DA:12,0
DA:17,1
DA:18,0
DA:19,0
DA:20,0
DA:22,0
DA:23,0
DA:27,1
LF:16
LH:9
BRF:0
BRH:0
end_of_record
TN:
SF:src\routes\anomalies.js
FN:6,(anonymous_0)
FN:18,(anonymous_1)
FNF:2
FNH:2
FNDA:1,(anonymous_0)
FNDA:2,(anonymous_1)
DA:1,1
DA:2,1
DA:3,1
DA:6,1
DA:7,1
DA:8,1
DA:9,1
DA:10,1
DA:12,0
DA:13,0
DA:18,1
DA:19,2
DA:20,2
DA:21,2
DA:22,1
DA:24,1
DA:26,0
DA:27,0
DA:31,1
LF:19
LH:15
BRDA:21,0,0,1
BRDA:21,0,1,1
BRF:2
BRH:2
end_of_record
TN:
SF:src\routes\gyms.js
FN:6,(anonymous_0)
FN:17,(anonymous_1)
FN:31,(anonymous_2)
FNF:3
FNH:3
FNDA:1,(anonymous_0)
FNDA:2,(anonymous_1)
FNDA:1,(anonymous_2)
DA:1,1
DA:2,1
DA:3,1
DA:6,1
DA:7,1
DA:8,1
DA:9,1
DA:11,0
DA:12,0
DA:17,1
DA:18,2
DA:19,2
DA:20,2
DA:21,1
DA:23,1
DA:25,0
DA:26,0
DA:31,1
DA:32,1
DA:33,1
DA:34,1
DA:35,1
DA:37,0
DA:38,0
DA:42,1
LF:25
LH:19
BRDA:20,0,0,1
BRDA:20,0,1,1
BRDA:33,1,0,1
BRDA:33,1,1,0
BRF:4
BRH:3
end_of_record
TN:
SF:src\routes\members.js
FN:6,(anonymous_0)
FNF:1
FNH:0
FNDA:0,(anonymous_0)
DA:1,1
DA:2,1
DA:3,1
DA:6,1
DA:7,0
DA:8,0
DA:9,0
DA:10,0
DA:12,0
DA:13,0
DA:14,0
DA:17,0
DA:18,0
DA:19,0
DA:22,0
DA:24,0
DA:25,0
DA:27,0
DA:28,0
DA:32,1
LF:20
LH:5
BRDA:12,0,0,0
BRDA:12,0,1,0
BRDA:17,1,0,0
BRDA:17,1,1,0
BRF:4
BRH:0
end_of_record
TN:
SF:src\routes\simulator.js
FN:6,(anonymous_0)
FN:18,(anonymous_1)
FN:29,(anonymous_2)
FNF:3
FNH:3
FNDA:1,(anonymous_0)
FNDA:1,(anonymous_1)
FNDA:1,(anonymous_2)
DA:1,1
DA:2,1
DA:3,1
DA:6,1
DA:7,1
DA:8,1
DA:9,1
DA:10,1
DA:12,0
DA:13,0
DA:18,1
DA:19,1
DA:20,1
DA:21,1
DA:23,0
DA:24,0
DA:29,1
DA:30,1
DA:31,1
DA:32,1
DA:34,0
DA:35,0
DA:39,1
LF:23
LH:17
BRDA:8,0,0,1
BRDA:8,0,1,0
BRDA:9,1,0,1
BRDA:9,1,1,0
BRF:4
BRH:2
end_of_record
TN:
SF:src\services\anomalyService.js
FN:4,(anonymous_0)
FN:219,(anonymous_1)
FN:245,(anonymous_2)
FNF:3
FNH:2
FNDA:6,(anonymous_0)
FNDA:0,(anonymous_1)
FNDA:2,(anonymous_2)
DA:1,2
DA:5,6
DA:6,6
DA:7,6
DA:8,6
DA:10,6
DA:11,6
DA:13,6
DA:17,6
DA:18,6
DA:19,6
DA:25,6
DA:27,6
DA:29,1
DA:33,1
DA:34,1
DA:35,1
DA:41,1
DA:42,1
DA:43,1
DA:56,5
DA:60,5
DA:61,1
DA:62,1
DA:66,1
DA:67,1
DA:82,6
DA:86,6
DA:87,6
DA:89,6
DA:91,1
DA:95,1
DA:96,1
DA:97,1
DA:103,1
DA:104,1
DA:105,1
DA:116,5
DA:118,5
DA:122,5
DA:123,1
DA:124,1
DA:128,1
DA:129,1
DA:143,6
DA:147,6
DA:150,6
DA:158,6
DA:160,6
DA:161,6
DA:162,6
DA:164,1
DA:168,1
DA:169,1
DA:170,1
DA:176,1
DA:177,1
DA:178,1
DA:189,5
DA:191,5
DA:195,5
DA:196,1
DA:197,1
DA:201,1
DA:202,1
DA:215,6
DA:221,0
DA:227,0
DA:229,0
DA:230,0
DA:231,0
DA:234,0
DA:235,0
DA:236,0
DA:239,0
DA:241,0
DA:242,0
DA:246,2
DA:247,2
DA:249,2
DA:250,2
DA:251,1
DA:254,1
DA:259,1
DA:263,2
LF:85
LH:74
BRDA:4,0,0,0
BRDA:17,1,0,6
BRDA:17,1,1,6
BRDA:18,2,0,6
BRDA:18,2,1,0
BRDA:27,3,0,1
BRDA:27,3,1,5
BRDA:33,4,0,1
BRDA:33,4,1,0
BRDA:42,5,0,1
BRDA:42,5,1,0
BRDA:60,6,0,1
BRDA:60,6,1,4
BRDA:66,7,0,1
BRDA:66,7,1,0
BRDA:89,8,0,1
BRDA:89,8,1,5
BRDA:95,9,0,1
BRDA:95,9,1,0
BRDA:104,10,0,1
BRDA:104,10,1,0
BRDA:116,11,0,5
BRDA:116,11,1,0
BRDA:122,12,0,1
BRDA:122,12,1,4
BRDA:128,13,0,1
BRDA:128,13,1,0
BRDA:160,14,0,6
BRDA:160,14,1,0
BRDA:162,15,0,1
BRDA:162,15,1,5
BRDA:168,16,0,1
BRDA:168,16,1,0
BRDA:177,17,0,1
BRDA:177,17,1,0
BRDA:189,18,0,5
BRDA:189,18,1,0
BRDA:195,19,0,1
BRDA:195,19,1,4
BRDA:201,20,0,1
BRDA:201,20,1,0
BRDA:219,21,0,0
BRDA:219,22,0,0
BRDA:229,23,0,0
BRDA:229,23,1,0
BRDA:234,24,0,0
BRDA:234,24,1,0
BRDA:247,25,0,0
BRDA:247,25,1,2
BRDA:250,26,0,1
BRDA:250,26,1,1
BRF:51
BRH:30
end_of_record
TN:
SF:src\services\simulatorService.js
FN:5,(anonymous_0)
FN:12,(anonymous_1)
FN:16,(anonymous_2)
FN:25,(anonymous_3)
FN:32,(anonymous_4)
FN:41,(anonymous_5)
FN:48,(anonymous_6)
FNF:7
FNH:5
FNDA:2,(anonymous_0)
FNDA:1,(anonymous_1)
FNDA:2,(anonymous_2)
FNDA:0,(anonymous_3)
FNDA:5,(anonymous_4)
FNDA:0,(anonymous_5)
FNDA:1,(anonymous_6)
DA:1,2
DA:2,2
DA:6,2
DA:7,2
DA:8,2
DA:9,2
DA:13,1
DA:17,2
DA:18,2
DA:20,2
DA:21,0
DA:24,2
DA:25,2
DA:26,0
DA:29,2
DA:33,5
DA:34,5
DA:35,2
DA:36,2
DA:38,5
DA:42,0
DA:44,0
DA:45,0
DA:49,1
DA:51,1
DA:53,1
DA:54,1
DA:55,1
DA:58,1
DA:60,1
DA:62,1
DA:71,1
DA:72,1
DA:73,1
DA:79,1
DA:82,1
DA:86,1
DA:87,1
DA:89,1
DA:90,1
DA:101,0
DA:103,0
DA:112,0
DA:113,0
DA:114,0
DA:117,0
DA:121,0
DA:122,0
DA:124,0
DA:125,0
DA:138,0
DA:143,0
DA:144,0
DA:145,0
DA:146,0
DA:148,0
DA:155,0
DA:159,0
DA:161,0
DA:162,0
DA:176,1
DA:178,0
DA:183,2
LF:63
LH:37
BRDA:16,0,0,0
BRDA:17,1,0,2
BRDA:17,1,1,0
BRDA:20,2,0,0
BRDA:20,2,1,2
BRDA:34,3,0,2
BRDA:34,3,1,3
BRDA:49,4,0,0
BRDA:49,4,1,1
BRDA:54,5,0,0
BRDA:54,5,1,1
BRDA:60,6,0,1
BRDA:60,6,1,0
BRDA:71,7,0,1
BRDA:71,7,1,0
BRDA:89,8,0,1
BRDA:89,8,1,0
BRDA:101,9,0,0
BRDA:101,9,1,0
BRDA:112,10,0,0
BRDA:112,10,1,0
BRDA:124,11,0,0
BRDA:124,11,1,0
BRDA:143,12,0,0
BRDA:143,12,1,0
BRDA:146,13,0,0
BRDA:146,13,1,0
BRDA:161,14,0,0
BRDA:161,14,1,0
BRF:29
BRH:9
end_of_record
TN:
SF:src\services\statsService.js
FN:4,(anonymous_0)
FN:35,(anonymous_1)
FN:99,(anonymous_2)
FN:149,(anonymous_3)
FN:162,(anonymous_4)
FN:169,(anonymous_5)
FNF:6
FNH:6
FNDA:1,(anonymous_0)
FNDA:1,(anonymous_1)
FNDA:1,(anonymous_2)
FNDA:1,(anonymous_3)
FNDA:2,(anonymous_4)
FNDA:1,(anonymous_5)
DA:1,2
DA:5,1
DA:31,1
DA:32,1
DA:36,1
DA:37,1
DA:38,1
DA:41,1
DA:47,1
DA:53,1
DA:85,1
DA:90,1
DA:100,1
DA:101,1
DA:102,1
DA:105,1
DA:111,1
DA:120,1
DA:133,1
DA:141,1
DA:151,1
DA:161,1
DA:162,2
DA:170,1
DA:198,1
DA:199,1
DA:203,2
LF:27
LH:27
BRDA:37,0,0,0
BRDA:37,0,1,1
BRDA:99,1,0,0
BRDA:101,2,0,0
BRDA:101,2,1,1
BRDA:102,3,0,0
BRDA:102,3,1,1
BRDA:169,4,0,0
BRF:8
BRH:3
end_of_record
TN:
SF:src\websocket\socketServer.js
FN:5,setupWebSocket
FN:8,(anonymous_1)
FN:10,(anonymous_2)
FN:17,(anonymous_3)
FN:19,(anonymous_4)
FN:30,(anonymous_5)
FN:37,broadcast
FN:40,(anonymous_7)
FNF:8
FNH:1
FNDA:1,setupWebSocket
FNDA:0,(anonymous_1)
FNDA:0,(anonymous_2)
FNDA:0,(anonymous_3)
FNDA:0,(anonymous_4)
FNDA:0,(anonymous_5)
FNDA:0,broadcast
FNDA:0,(anonymous_7)
DA:1,1
DA:3,1
DA:6,1
DA:8,1
DA:9,0
DA:10,0
DA:13,0
DA:17,1
DA:18,0
DA:19,0
DA:20,0
DA:21,0
DA:22,0
DA:26,1
DA:27,1
DA:30,1
DA:31,0
DA:34,1
DA:38,0
DA:39,0
DA:40,0
DA:41,0
DA:42,0
DA:47,1
LF:24
LH:10
BRDA:18,0,0,0
BRDA:18,0,1,0
BRDA:20,1,0,0
BRDA:20,1,1,0
BRDA:26,2,0,1
BRDA:26,2,1,0
BRDA:38,3,0,0
BRDA:38,3,1,0
BRDA:41,4,0,0
BRDA:41,4,1,0
BRF:10
BRH:1
end_of_record
